{"name": "test_CredKart_User_Login_params_DDT_005[get_data_Credkart_login4]", "status": "failed", "statusDetails": {"message": "AssertionError: assert False", "trace": "self = <testCases.test_CredKart_User_login_params_DDT_003.Test_User_Login_Params_Class_003 object at 0x00000163354B2780>\nget_data_Credkart_login = ('Credencetest@test.com1', 'Credence@1231', 'login_pass')\n\n    @pytest.mark.sanity\n    @pytest.mark.group1\n    @pytest.mark.flaky(reruns=0, reruns_delay=2)\n    \n    def test_CredKart_User_Login_params_DDT_005(self, get_data_Credkart_login):\n        self.log.info(\"Testcase test_CredKart_User_Login_params_DDT_005 is started\")\n        \"\"\"Test verify_user_login method with valid credentials.\"\"\"\n        self.log.info(\"Opening Browser\")\n        self.lp = Login_Page_Class(self.driver)\n        self.driver.maximize_window()\n        self.driver.get(self.login_url)\n        self.log.info(f\"Going to CredKart URL ->{self.login_url}\")\n    \n        self.email = get_data_Credkart_login[0]\n        self.password = get_data_Credkart_login[1]\n        self.expected_result = get_data_Credkart_login[2]\n    \n        self.log.info(f\"Entering email :{self.email}\")\n        self.lp.Enter_Email(self.email)\n        self.log.info(f\"Entering password :{self.password}\")\n        self.lp.Enter_Password(self.password)\n        self.log.info(\"Clicking Login button\")\n        self.lp.Click_submit_Button()\n        self.log.info(\"Verify User is logged in or not\")\n        if self.lp.verify_user_Login_or_registration() == \"pass\":\n            print(\"User is logged in\")\n            self.log.info(\"Taking Screenshot for Pass\")\n            self.driver.save_screenshot(f\".\\\\Screenshots\\\\test_CredKart_User_Login_params_DDT_005_{self.email}_{self.password}_Pass.png\")\n            actual_result = \"login_pass\"\n        else:\n            self.log.info(\"Taking Screenshot for Fail\")\n            self.driver.save_screenshot(f\".\\\\Screenshots\\\\test_CredKart_User_Login_params_DDT_005_{self.email}_{self.password}_Fail.png\")\n            print(\"User is not logged in\")\n            actual_result = \"login_fail\"\n    \n        if self.expected_result == actual_result:\n            self.log.info(\"Testcase test_CredKart_User_Login_params_DDT_005 is Pass\")\n            self.log.info(\"Testcase test_CredKart_User_Login_params_DDT_005 is Completed\\n\")\n            assert True\n        else:\n            self.log.info(\"Testcase test_CredKart_User_Login_params_DDT_005 is Fail\")\n            self.log.info(\"Testcase test_CredKart_User_Login_params_DDT_005 is Completed\\n\")\n>           assert False\nE           assert False\n\ntestCases\\test_CredKart_User_login_params_DDT_003.py:67: AssertionError"}, "attachments": [{"name": "log", "source": "d464ae0d-4267-4c12-90d0-757de29b089d-attachment.txt", "type": "text/plain"}], "parameters": [{"name": "get_data_Credkart_login", "value": "('Credencetest@test.com1', 'Credence@1231', 'login_pass')"}], "start": 1733711383897, "stop": 1733711385359, "uuid": "5ff161b4-ca60-4c68-9ac5-3c0fe2774a2c", "historyId": "963ec988dbe9e51305ad770c31e477e2", "testCaseId": "448d84388d10b0be86c386992e976c2d", "fullName": "testCases.test_CredKart_User_login_params_DDT_003.Test_User_Login_Params_Class_003#test_CredKart_User_Login_params_DDT_005", "labels": [{"name": "tag", "value": "flaky(reruns=0, reruns_delay=2)"}, {"name": "tag", "value": "group1"}, {"name": "tag", "value": "sanity"}, {"name": "tag", "value": "@pytest.mark.usefixtures('driver_setup')"}, {"name": "parentSuite", "value": "testCases"}, {"name": "suite", "value": "test_CredKart_User_login_params_DDT_003"}, {"name": "subSuite", "value": "Test_User_Login_Params_Class_003"}, {"name": "host", "value": "Credence-Pc"}, {"name": "thread", "value": "31120-MainThread"}, {"name": "framework", "value": "pytest"}, {"name": "language", "value": "cpython3"}, {"name": "package", "value": "testCases.test_CredKart_User_login_params_DDT_003"}]}