{"name": "test_verify_CredKart_Url_001", "status": "failed", "statusDetails": {"message": "AssertionError: assert False", "trace": "self = <testCases.test_CredKart_User_Profile_001.Test_User_Profile_Class_001 object at 0x0000016BE1D94650>\n\n    @pytest.mark.sanity\n    @pytest.mark.group1\n    @pytest.mark.flaky(reruns=0, reruns_delay=2)\n    @pytest.mark.dependency(name = \"test_verify_CredKart_Url_001\")\n    def test_verify_CredKart_Url_001(self):\n        \"\"\"Test verify_credkart_url method with valid URL.\"\"\"\n        #driver = driver_setup\n        # self.log.debug(\"This is debug\")\n        # self.log.info(\"This is info\")\n        # self.log.warning(\"This is warning\")\n        # self.log.error(\"This is error\")\n        # self.log.critical(\"This is critical\")\n        self.log.info(\"Testcase test_verify_CredKart_Url_001 is started\")\n        self.driver.get(self.homepage_url)\n        self.log.info(\"Opening Browser\")\n        self.log.info(f\"Going to CredKart URL ->{self.homepage_url}\")\n        self.log.info(\"Checking Page Title\")\n        if self.driver.title == \"CredKart1\":\n            Testcasestatus = \"Pass\"\n            self.log.info(f\"Page Title:'{self.driver.title}' is  matches with expected title\")\n            #print(\"Test passed: Title matches with expected title\")\n            self.log.info(\"Taking Screenshot\")\n            #self.driver.save_screenshot(\".\\\\Screenshots\\\\test_verify_CredKart_Url_001_pass.png\")\n            additional_utilities_class.take_screenshot(self.driver,\"test_verify_CredKart_Url_001\", \"Pass\" )\n            self.log.info(\"Testcase test_verify_CredKart_Url_001 is passed\")\n            self.log.info(\"Testcase test_verify_CredKart_Url_001 is completed\\n\")\n            assert True\n        else:\n            self.log.info(\"Taking Screenshot\")\n            #self.driver.save_screenshot(\".\\\\Screenshots\\\\test_verify_CredKart_Url_001_fail.png\")\n            additional_utilities_class.take_screenshot(self.driver, \"test_verify_CredKart_Url_001\", \"Fail\")\n            self.log.info(\"Testcase test_verify_CredKart_Url_001 is failed\")\n            self.log.info(\"Testcase test_verify_CredKart_Url_001 is completed\\n\")\n>           assert False\nE           assert False\n\ntestCases\\test_CredKart_User_Profile_001.py:64: AssertionError"}, "description": "Test verify_credkart_url method with valid URL.", "attachments": [{"name": "log", "source": "ccfee099-1d3d-4fb3-9a5c-99208452691a-attachment.txt", "type": "text/plain"}], "start": 1733710568954, "stop": 1733710579139, "uuid": "517d43cf-aaa9-4173-a3ca-b4edec9dfe89", "historyId": "ca43a64682bf5138fdf2b7b9d7bf7ebd", "testCaseId": "ca43a64682bf5138fdf2b7b9d7bf7ebd", "fullName": "testCases.test_CredKart_User_Profile_001.Test_User_Profile_Class_001#test_verify_CredKart_Url_001", "labels": [{"name": "tag", "value": "dependency(name='test_verify_CredKart_Url_001')"}, {"name": "tag", "value": "flaky(reruns=0, reruns_delay=2)"}, {"name": "tag", "value": "group1"}, {"name": "tag", "value": "sanity"}, {"name": "tag", "value": "@pytest.mark.usefixtures('driver_setup')"}, {"name": "parentSuite", "value": "testCases"}, {"name": "suite", "value": "test_CredKart_User_Profile_001"}, {"name": "subSuite", "value": "Test_User_Profile_Class_001"}, {"name": "host", "value": "Credence-Pc"}, {"name": "thread", "value": "4612-MainThread"}, {"name": "framework", "value": "pytest"}, {"name": "language", "value": "cpython3"}, {"name": "package", "value": "testCases.test_CredKart_User_Profile_001"}]}